<?xml version="1.0" encoding="UTF-8"?>
<testsuite name="hello.core.member.MemberServiceTest" tests="1" skipped="0" failures="0" errors="0" timestamp="2024-10-22T06:54:40" hostname="iseunghaui-MacBookPro.local" time="0.077">
  <properties/>
  <testcase name="join()" classname="hello.core.member.MemberServiceTest" time="0.077"/>
  <system-out><![CDATA[]]></system-out>
  <system-err><![CDATA[]]></system-err>
</testsuite>
