<?xml version="1.0" encoding="UTF-8"?>
<testsuite name="hello.core.discount.RateDiscountPolicyTest" tests="2" skipped="0" failures="0" errors="0" timestamp="2024-10-23T08:52:38" hostname="dep-MacBook-Pro.local" time="0.019">
  <properties/>
  <testcase name="VIP는 10% 할인이 적용되야 한다." classname="hello.core.discount.RateDiscountPolicyTest" time="0.018"/>
  <testcase name="VIP가 아니면 할인이 적용되지 않아야 한다" classname="hello.core.discount.RateDiscountPolicyTest" time="0.0"/>
  <system-out><![CDATA[]]></system-out>
  <system-err><![CDATA[]]></system-err>
</testsuite>
