<?xml version="1.0" encoding="UTF-8"?>
<testsuite name="hello.core.member.MemberServiceTest" tests="1" skipped="0" failures="0" errors="0" timestamp="2024-10-24T08:06:20" hostname="dep-MacBook-Pro.local" time="0.002">
  <properties/>
  <testcase name="join()" classname="hello.core.member.MemberServiceTest" time="0.002"/>
  <system-out><![CDATA[]]></system-out>
  <system-err><![CDATA[]]></system-err>
</testsuite>
